[0.701s] Invoking command in '/home/moon/ros2_ws/src/realsense_tracking': PYTHONPATH=/home/moon/ros2_ws/src/realsense_tracking/build/realsense_tracking/prefix_override:/usr/lib/python3/dist-packages/colcon_core/task/python/colcon_distutils_commands:/home/moon/ros2_ws/src/realsense_tracking/install/realsense_tracking/lib/python3.10/site-packages:${PYTHONPATH} /usr/bin/python3 -W ignore:setup.py install is deprecated setup.py egg_info --egg-base build/realsense_tracking build --build-base /home/moon/ros2_ws/src/realsense_tracking/build/realsense_tracking/build install --record /home/moon/ros2_ws/src/realsense_tracking/build/realsense_tracking/install.log --single-version-externally-managed install_data
[0.992s] running egg_info
[0.993s] writing build/realsense_tracking/realsense_tracking.egg-info/PKG-INFO
[0.993s] writing dependency_links to build/realsense_tracking/realsense_tracking.egg-info/dependency_links.txt
[0.993s] writing entry points to build/realsense_tracking/realsense_tracking.egg-info/entry_points.txt
[0.993s] writing requirements to build/realsense_tracking/realsense_tracking.egg-info/requires.txt
[0.993s] writing top-level names to build/realsense_tracking/realsense_tracking.egg-info/top_level.txt
[0.995s] reading manifest file 'build/realsense_tracking/realsense_tracking.egg-info/SOURCES.txt'
[1.001s] writing manifest file 'build/realsense_tracking/realsense_tracking.egg-info/SOURCES.txt'
[1.001s] running build
[1.001s] running build_py
[1.002s] running install
[1.002s] running install_lib
[1.004s] running install_data
[1.004s] running install_egg_info
[1.005s] removing '/home/moon/ros2_ws/src/realsense_tracking/install/realsense_tracking/lib/python3.10/site-packages/realsense_tracking-0.0.0-py3.10.egg-info' (and everything under it)
[1.006s] Copying build/realsense_tracking/realsense_tracking.egg-info to /home/moon/ros2_ws/src/realsense_tracking/install/realsense_tracking/lib/python3.10/site-packages/realsense_tracking-0.0.0-py3.10.egg-info
[1.006s] running install_scripts
[1.027s] Installing dynamixel_node script to /home/moon/ros2_ws/src/realsense_tracking/install/realsense_tracking/lib/realsense_tracking
[1.027s] Installing iAHRS_node script to /home/moon/ros2_ws/src/realsense_tracking/install/realsense_tracking/lib/realsense_tracking
[1.027s] Installing realsense_tracker_node script to /home/moon/ros2_ws/src/realsense_tracking/install/realsense_tracking/lib/realsense_tracking
[1.027s] Installing realtime_audio_pc_node script to /home/moon/ros2_ws/src/realsense_tracking/install/realsense_tracking/lib/realsense_tracking
[1.027s] Installing witmotion_imu_node script to /home/moon/ros2_ws/src/realsense_tracking/install/realsense_tracking/lib/realsense_tracking
[1.028s] writing list of installed files to '/home/moon/ros2_ws/src/realsense_tracking/build/realsense_tracking/install.log'
[1.055s] Invoked command in '/home/moon/ros2_ws/src/realsense_tracking' returned '0': PYTHONPATH=/home/moon/ros2_ws/src/realsense_tracking/build/realsense_tracking/prefix_override:/usr/lib/python3/dist-packages/colcon_core/task/python/colcon_distutils_commands:/home/moon/ros2_ws/src/realsense_tracking/install/realsense_tracking/lib/python3.10/site-packages:${PYTHONPATH} /usr/bin/python3 -W ignore:setup.py install is deprecated setup.py egg_info --egg-base build/realsense_tracking build --build-base /home/moon/ros2_ws/src/realsense_tracking/build/realsense_tracking/build install --record /home/moon/ros2_ws/src/realsense_tracking/build/realsense_tracking/install.log --single-version-externally-managed install_data
