running egg_info
writing build/realsense_tracking/realsense_tracking.egg-info/PKG-INFO
writing dependency_links to build/realsense_tracking/realsense_tracking.egg-info/dependency_links.txt
writing entry points to build/realsense_tracking/realsense_tracking.egg-info/entry_points.txt
writing requirements to build/realsense_tracking/realsense_tracking.egg-info/requires.txt
writing top-level names to build/realsense_tracking/realsense_tracking.egg-info/top_level.txt
reading manifest file 'build/realsense_tracking/realsense_tracking.egg-info/SOURCES.txt'
writing manifest file 'build/realsense_tracking/realsense_tracking.egg-info/SOURCES.txt'
running build
running build_py
copying realsense_tracking/realsense_pose_1.py -> /home/moon/ros2_ws/src/realsense_tracking/build/realsense_tracking/build/lib/realsense_tracking
copying realsense_tracking/iAHRS_2.py -> /home/moon/ros2_ws/src/realsense_tracking/build/realsense_tracking/build/lib/realsense_tracking
copying realsense_tracking/dynamixel_3.py -> /home/moon/ros2_ws/src/realsense_tracking/build/realsense_tracking/build/lib/realsense_tracking
copying realsense_tracking/realtime_audio_pc_4.py -> /home/moon/ros2_ws/src/realsense_tracking/build/realsense_tracking/build/lib/realsense_tracking
copying realsense_tracking/witmotion_imu_ros_5.py -> /home/moon/ros2_ws/src/realsense_tracking/build/realsense_tracking/build/lib/realsense_tracking
running install
running install_lib
copying /home/moon/ros2_ws/src/realsense_tracking/build/realsense_tracking/build/lib/realsense_tracking/dynamixel_3.py -> /home/moon/ros2_ws/src/realsense_tracking/install/realsense_tracking/lib/python3.10/site-packages/realsense_tracking
copying /home/moon/ros2_ws/src/realsense_tracking/build/realsense_tracking/build/lib/realsense_tracking/iAHRS_2.py -> /home/moon/ros2_ws/src/realsense_tracking/install/realsense_tracking/lib/python3.10/site-packages/realsense_tracking
copying /home/moon/ros2_ws/src/realsense_tracking/build/realsense_tracking/build/lib/realsense_tracking/realsense_pose_1.py -> /home/moon/ros2_ws/src/realsense_tracking/install/realsense_tracking/lib/python3.10/site-packages/realsense_tracking
copying /home/moon/ros2_ws/src/realsense_tracking/build/realsense_tracking/build/lib/realsense_tracking/witmotion_imu_ros_5.py -> /home/moon/ros2_ws/src/realsense_tracking/install/realsense_tracking/lib/python3.10/site-packages/realsense_tracking
copying /home/moon/ros2_ws/src/realsense_tracking/build/realsense_tracking/build/lib/realsense_tracking/realtime_audio_pc_4.py -> /home/moon/ros2_ws/src/realsense_tracking/install/realsense_tracking/lib/python3.10/site-packages/realsense_tracking
byte-compiling /home/moon/ros2_ws/src/realsense_tracking/install/realsense_tracking/lib/python3.10/site-packages/realsense_tracking/dynamixel_3.py to dynamixel_3.cpython-310.pyc
byte-compiling /home/moon/ros2_ws/src/realsense_tracking/install/realsense_tracking/lib/python3.10/site-packages/realsense_tracking/iAHRS_2.py to iAHRS_2.cpython-310.pyc
byte-compiling /home/moon/ros2_ws/src/realsense_tracking/install/realsense_tracking/lib/python3.10/site-packages/realsense_tracking/realsense_pose_1.py to realsense_pose_1.cpython-310.pyc
byte-compiling /home/moon/ros2_ws/src/realsense_tracking/install/realsense_tracking/lib/python3.10/site-packages/realsense_tracking/witmotion_imu_ros_5.py to witmotion_imu_ros_5.cpython-310.pyc
byte-compiling /home/moon/ros2_ws/src/realsense_tracking/install/realsense_tracking/lib/python3.10/site-packages/realsense_tracking/realtime_audio_pc_4.py to realtime_audio_pc_4.cpython-310.pyc
running install_data
running install_egg_info
removing '/home/moon/ros2_ws/src/realsense_tracking/install/realsense_tracking/lib/python3.10/site-packages/realsense_tracking-0.0.0-py3.10.egg-info' (and everything under it)
Copying build/realsense_tracking/realsense_tracking.egg-info to /home/moon/ros2_ws/src/realsense_tracking/install/realsense_tracking/lib/python3.10/site-packages/realsense_tracking-0.0.0-py3.10.egg-info
running install_scripts
Installing dynamixel_node script to /home/moon/ros2_ws/src/realsense_tracking/install/realsense_tracking/lib/realsense_tracking
Installing iAHRS_node script to /home/moon/ros2_ws/src/realsense_tracking/install/realsense_tracking/lib/realsense_tracking
Installing realsense_tracker_node script to /home/moon/ros2_ws/src/realsense_tracking/install/realsense_tracking/lib/realsense_tracking
Installing realtime_audio_pc_node script to /home/moon/ros2_ws/src/realsense_tracking/install/realsense_tracking/lib/realsense_tracking
Installing witmotion_imu_node script to /home/moon/ros2_ws/src/realsense_tracking/install/realsense_tracking/lib/realsense_tracking
writing list of installed files to '/home/moon/ros2_ws/src/realsense_tracking/build/realsense_tracking/install.log'
