file realsense_pose_1.py (for module realsense_pose_1) not found
file iAHRS_2.py (for module iAHRS_2) not found
file dynamixel_3.py (for module dynamixel_3) not found
file realtime_audio_pc_4.py (for module realtime_audio_pc_4) not found
file witmotion_imu_ros_5.py (for module witmotion_imu_ros_5) not found
file realsense_pose_1.py (for module realsense_pose_1) not found
file iAHRS_2.py (for module iAHRS_2) not found
file dynamixel_3.py (for module dynamixel_3) not found
file realtime_audio_pc_4.py (for module realtime_audio_pc_4) not found
file witmotion_imu_ros_5.py (for module witmotion_imu_ros_5) not found
file realsense_pose_1.py (for module realsense_pose_1) not found
file iAHRS_2.py (for module iAHRS_2) not found
file dynamixel_3.py (for module dynamixel_3) not found
file realtime_audio_pc_4.py (for module realtime_audio_pc_4) not found
file witmotion_imu_ros_5.py (for module witmotion_imu_ros_5) not found
file realsense_pose_1.py (for module realsense_pose_1) not found
file iAHRS_2.py (for module iAHRS_2) not found
file dynamixel_3.py (for module dynamixel_3) not found
file realtime_audio_pc_4.py (for module realtime_audio_pc_4) not found
file witmotion_imu_ros_5.py (for module witmotion_imu_ros_5) not found
