running egg_info
writing build/realsense_tracking/realsense_tracking.egg-info/PKG-INFO
writing dependency_links to build/realsense_tracking/realsense_tracking.egg-info/dependency_links.txt
writing entry points to build/realsense_tracking/realsense_tracking.egg-info/entry_points.txt
writing requirements to build/realsense_tracking/realsense_tracking.egg-info/requires.txt
writing top-level names to build/realsense_tracking/realsense_tracking.egg-info/top_level.txt
file realsense_pose_1.py (for module realsense_pose_1) not found
file iAHRS_2.py (for module iAHRS_2) not found
file dynamixel_3.py (for module dynamixel_3) not found
file realtime_audio_pc_4.py (for module realtime_audio_pc_4) not found
file witmotion_imu_ros_5.py (for module witmotion_imu_ros_5) not found
reading manifest file 'build/realsense_tracking/realsense_tracking.egg-info/SOURCES.txt'
writing manifest file 'build/realsense_tracking/realsense_tracking.egg-info/SOURCES.txt'
running build
running build_py
file realsense_pose_1.py (for module realsense_pose_1) not found
file iAHRS_2.py (for module iAHRS_2) not found
file dynamixel_3.py (for module dynamixel_3) not found
file realtime_audio_pc_4.py (for module realtime_audio_pc_4) not found
file witmotion_imu_ros_5.py (for module witmotion_imu_ros_5) not found
file realsense_pose_1.py (for module realsense_pose_1) not found
file iAHRS_2.py (for module iAHRS_2) not found
file dynamixel_3.py (for module dynamixel_3) not found
file realtime_audio_pc_4.py (for module realtime_audio_pc_4) not found
file witmotion_imu_ros_5.py (for module witmotion_imu_ros_5) not found
running install
running install_lib
running install_data
running install_egg_info
removing '/home/moon/ros2_ws/src/realsense_tracking/install/realsense_tracking/lib/python3.10/site-packages/realsense_tracking-0.0.0-py3.10.egg-info' (and everything under it)
Copying build/realsense_tracking/realsense_tracking.egg-info to /home/moon/ros2_ws/src/realsense_tracking/install/realsense_tracking/lib/python3.10/site-packages/realsense_tracking-0.0.0-py3.10.egg-info
running install_scripts
Installing dynamixel_node script to /home/moon/ros2_ws/src/realsense_tracking/install/realsense_tracking/lib/realsense_tracking
Installing iAHRS_node script to /home/moon/ros2_ws/src/realsense_tracking/install/realsense_tracking/lib/realsense_tracking
Installing realsense_pose_node script to /home/moon/ros2_ws/src/realsense_tracking/install/realsense_tracking/lib/realsense_tracking
Installing realtime_audio_pc_node script to /home/moon/ros2_ws/src/realsense_tracking/install/realsense_tracking/lib/realsense_tracking
Installing witmotion_imu_node script to /home/moon/ros2_ws/src/realsense_tracking/install/realsense_tracking/lib/realsense_tracking
file realsense_pose_1.py (for module realsense_pose_1) not found
file iAHRS_2.py (for module iAHRS_2) not found
file dynamixel_3.py (for module dynamixel_3) not found
file realtime_audio_pc_4.py (for module realtime_audio_pc_4) not found
file witmotion_imu_ros_5.py (for module witmotion_imu_ros_5) not found
writing list of installed files to '/home/moon/ros2_ws/src/realsense_tracking/build/realsense_tracking/install.log'
