[0.115s] DEBUG:colcon:Command line arguments: ['/usr/bin/colcon', 'build', '--packages-select', 'realsense_tracking']
[0.115s] DEBUG:colcon:Parsed command line arguments: Namespace(log_base=None, log_level=None, verb_name='build', build_base='build', install_base='install', merge_install=False, symlink_install=False, test_result_base=None, continue_on_error=False, executor='parallel', parallel_workers=8, event_handlers=None, ignore_user_meta=False, metas=['./colcon.meta'], base_paths=['.'], packages_ignore=None, packages_ignore_regex=None, paths=None, packages_up_to=None, packages_up_to_regex=None, packages_above=None, packages_above_and_dependencies=None, packages_above_depth=None, packages_select_by_dep=None, packages_skip_by_dep=None, packages_skip_up_to=None, packages_select_build_failed=False, packages_skip_build_finished=False, packages_select_test_failures=False, packages_skip_test_passed=False, packages_select=['realsense_tracking'], packages_skip=None, packages_select_regex=None, packages_skip_regex=None, packages_start=None, packages_end=None, allow_overriding=[], cmake_args=None, cmake_target=None, cmake_target_skip_unavailable=False, cmake_clean_cache=False, cmake_clean_first=False, cmake_force_configure=False, ament_cmake_args=None, catkin_cmake_args=None, catkin_skip_building_tests=False, verb_parser=<colcon_defaults.argument_parser.defaults.DefaultArgumentsDecorator object at 0x74c233457b50>, verb_extension=<colcon_core.verb.build.BuildVerb object at 0x74c233457610>, main=<bound method BuildVerb.main of <colcon_core.verb.build.BuildVerb object at 0x74c233457610>>)
[0.297s] Level 1:colcon.colcon_core.package_discovery:discover_packages(colcon_meta) check parameters
[0.297s] Level 1:colcon.colcon_core.package_discovery:discover_packages(recursive) check parameters
[0.297s] Level 1:colcon.colcon_core.package_discovery:discover_packages(ignore) check parameters
[0.297s] Level 1:colcon.colcon_core.package_discovery:discover_packages(path) check parameters
[0.297s] Level 1:colcon.colcon_core.package_discovery:discover_packages(colcon_meta) discover
[0.297s] Level 1:colcon.colcon_core.package_discovery:discover_packages(recursive) discover
[0.297s] INFO:colcon.colcon_core.package_discovery:Crawling recursively for packages in '/home/moon/ros2_ws/src/realsense_tracking'
[0.298s] Level 1:colcon.colcon_core.package_identification:_identify(.) by extensions ['ignore', 'ignore_ament_install']
[0.298s] Level 1:colcon.colcon_core.package_identification:_identify(.) by extension 'ignore'
[0.298s] Level 1:colcon.colcon_core.package_identification:_identify(.) by extension 'ignore_ament_install'
[0.298s] Level 1:colcon.colcon_core.package_identification:_identify(.) by extensions ['colcon_pkg']
[0.298s] Level 1:colcon.colcon_core.package_identification:_identify(.) by extension 'colcon_pkg'
[0.298s] Level 1:colcon.colcon_core.package_identification:_identify(.) by extensions ['colcon_meta']
[0.298s] Level 1:colcon.colcon_core.package_identification:_identify(.) by extension 'colcon_meta'
[0.298s] Level 1:colcon.colcon_core.package_identification:_identify(.) by extensions ['ros']
[0.298s] Level 1:colcon.colcon_core.package_identification:_identify(.) by extension 'ros'
[0.311s] DEBUG:colcon.colcon_core.package_identification:Package '.' with type 'ros.ament_python' and name 'realsense_tracking'
[0.311s] Level 1:colcon.colcon_core.package_discovery:discover_packages(recursive) using defaults
[0.311s] Level 1:colcon.colcon_core.package_discovery:discover_packages(ignore) discover
[0.311s] Level 1:colcon.colcon_core.package_discovery:discover_packages(ignore) using defaults
[0.311s] Level 1:colcon.colcon_core.package_discovery:discover_packages(path) discover
[0.311s] Level 1:colcon.colcon_core.package_discovery:discover_packages(path) using defaults
[0.331s] Level 1:colcon.colcon_core.package_discovery:discover_packages(prefix_path) check parameters
[0.331s] Level 1:colcon.colcon_core.package_discovery:discover_packages(prefix_path) discover
[0.333s] DEBUG:colcon.colcon_installed_package_information.package_discovery:Found 13 installed packages in /home/moon/ros2_ws/install
[0.335s] DEBUG:colcon.colcon_installed_package_information.package_discovery:Found 273 installed packages in /opt/ros/humble
[0.336s] Level 1:colcon.colcon_core.package_discovery:discover_packages(prefix_path) using defaults
[0.385s] Level 5:colcon.colcon_core.verb:set package 'realsense_tracking' build argument 'cmake_args' from command line to 'None'
[0.385s] Level 5:colcon.colcon_core.verb:set package 'realsense_tracking' build argument 'cmake_target' from command line to 'None'
[0.385s] Level 5:colcon.colcon_core.verb:set package 'realsense_tracking' build argument 'cmake_target_skip_unavailable' from command line to 'False'
[0.385s] Level 5:colcon.colcon_core.verb:set package 'realsense_tracking' build argument 'cmake_clean_cache' from command line to 'False'
[0.385s] Level 5:colcon.colcon_core.verb:set package 'realsense_tracking' build argument 'cmake_clean_first' from command line to 'False'
[0.385s] Level 5:colcon.colcon_core.verb:set package 'realsense_tracking' build argument 'cmake_force_configure' from command line to 'False'
[0.385s] Level 5:colcon.colcon_core.verb:set package 'realsense_tracking' build argument 'ament_cmake_args' from command line to 'None'
[0.385s] Level 5:colcon.colcon_core.verb:set package 'realsense_tracking' build argument 'catkin_cmake_args' from command line to 'None'
[0.385s] Level 5:colcon.colcon_core.verb:set package 'realsense_tracking' build argument 'catkin_skip_building_tests' from command line to 'False'
[0.385s] DEBUG:colcon.colcon_core.verb:Building package 'realsense_tracking' with the following arguments: {'ament_cmake_args': None, 'build_base': '/home/moon/ros2_ws/src/realsense_tracking/build/realsense_tracking', 'catkin_cmake_args': None, 'catkin_skip_building_tests': False, 'cmake_args': None, 'cmake_clean_cache': False, 'cmake_clean_first': False, 'cmake_force_configure': False, 'cmake_target': None, 'cmake_target_skip_unavailable': False, 'install_base': '/home/moon/ros2_ws/src/realsense_tracking/install/realsense_tracking', 'merge_install': False, 'path': '/home/moon/ros2_ws/src/realsense_tracking', 'symlink_install': False, 'test_result_base': None}
[0.385s] INFO:colcon.colcon_core.executor:Executing jobs using 'parallel' executor
[0.387s] DEBUG:colcon.colcon_parallel_executor.executor.parallel:run_until_complete
[0.387s] INFO:colcon.colcon_ros.task.ament_python.build:Building ROS package in '/home/moon/ros2_ws/src/realsense_tracking' with build type 'ament_python'
[0.387s] Level 1:colcon.colcon_core.shell:create_environment_hook('realsense_tracking', 'ament_prefix_path')
[0.389s] INFO:colcon.colcon_core.plugin_system:Skipping extension 'colcon_core.shell.bat': Not used on non-Windows systems
[0.389s] INFO:colcon.colcon_core.shell:Creating environment hook '/home/moon/ros2_ws/src/realsense_tracking/install/realsense_tracking/share/realsense_tracking/hook/ament_prefix_path.ps1'
[0.390s] INFO:colcon.colcon_core.shell:Creating environment descriptor '/home/moon/ros2_ws/src/realsense_tracking/install/realsense_tracking/share/realsense_tracking/hook/ament_prefix_path.dsv'
[0.390s] INFO:colcon.colcon_core.shell:Creating environment hook '/home/moon/ros2_ws/src/realsense_tracking/install/realsense_tracking/share/realsense_tracking/hook/ament_prefix_path.sh'
[0.391s] INFO:colcon.colcon_core.shell:Skip shell extension 'powershell' for command environment: Not usable outside of PowerShell
[0.391s] DEBUG:colcon.colcon_core.shell:Skip shell extension 'dsv' for command environment
[0.709s] INFO:colcon.colcon_core.task.python.build:Building Python package in '/home/moon/ros2_ws/src/realsense_tracking'
[0.709s] INFO:colcon.colcon_core.shell:Skip shell extension 'powershell' for command environment: Not usable outside of PowerShell
[0.709s] DEBUG:colcon.colcon_core.shell:Skip shell extension 'dsv' for command environment
[1.102s] DEBUG:colcon.colcon_core.event_handler.log_command:Invoking command in '/home/moon/ros2_ws/src/realsense_tracking': PYTHONPATH=/home/moon/ros2_ws/src/realsense_tracking/build/realsense_tracking/prefix_override:/usr/lib/python3/dist-packages/colcon_core/task/python/colcon_distutils_commands:/home/moon/ros2_ws/src/realsense_tracking/install/realsense_tracking/lib/python3.10/site-packages:${PYTHONPATH} /usr/bin/python3 -W ignore:setup.py install is deprecated setup.py egg_info --egg-base build/realsense_tracking build --build-base /home/moon/ros2_ws/src/realsense_tracking/build/realsense_tracking/build install --record /home/moon/ros2_ws/src/realsense_tracking/build/realsense_tracking/install.log --single-version-externally-managed install_data
[1.448s] DEBUG:colcon.colcon_core.event_handler.log_command:Invoked command in '/home/moon/ros2_ws/src/realsense_tracking' returned '0': PYTHONPATH=/home/moon/ros2_ws/src/realsense_tracking/build/realsense_tracking/prefix_override:/usr/lib/python3/dist-packages/colcon_core/task/python/colcon_distutils_commands:/home/moon/ros2_ws/src/realsense_tracking/install/realsense_tracking/lib/python3.10/site-packages:${PYTHONPATH} /usr/bin/python3 -W ignore:setup.py install is deprecated setup.py egg_info --egg-base build/realsense_tracking build --build-base /home/moon/ros2_ws/src/realsense_tracking/build/realsense_tracking/build install --record /home/moon/ros2_ws/src/realsense_tracking/build/realsense_tracking/install.log --single-version-externally-managed install_data
[1.450s] Level 1:colcon.colcon_core.environment:checking '/home/moon/ros2_ws/src/realsense_tracking/install/realsense_tracking' for CMake module files
[1.450s] Level 1:colcon.colcon_core.environment:checking '/home/moon/ros2_ws/src/realsense_tracking/install/realsense_tracking' for CMake config files
[1.451s] Level 1:colcon.colcon_core.environment:checking '/home/moon/ros2_ws/src/realsense_tracking/install/realsense_tracking/lib'
[1.451s] Level 1:colcon.colcon_core.environment:checking '/home/moon/ros2_ws/src/realsense_tracking/install/realsense_tracking/bin'
[1.451s] Level 1:colcon.colcon_core.environment:checking '/home/moon/ros2_ws/src/realsense_tracking/install/realsense_tracking/lib/pkgconfig/realsense_tracking.pc'
[1.451s] Level 1:colcon.colcon_core.environment:checking '/home/moon/ros2_ws/src/realsense_tracking/install/realsense_tracking/lib/python3.10/site-packages'
[1.451s] Level 1:colcon.colcon_core.shell:create_environment_hook('realsense_tracking', 'pythonpath')
[1.452s] INFO:colcon.colcon_core.shell:Creating environment hook '/home/moon/ros2_ws/src/realsense_tracking/install/realsense_tracking/share/realsense_tracking/hook/pythonpath.ps1'
[1.452s] INFO:colcon.colcon_core.shell:Creating environment descriptor '/home/moon/ros2_ws/src/realsense_tracking/install/realsense_tracking/share/realsense_tracking/hook/pythonpath.dsv'
[1.452s] INFO:colcon.colcon_core.shell:Creating environment hook '/home/moon/ros2_ws/src/realsense_tracking/install/realsense_tracking/share/realsense_tracking/hook/pythonpath.sh'
[1.453s] Level 1:colcon.colcon_core.environment:checking '/home/moon/ros2_ws/src/realsense_tracking/install/realsense_tracking/bin'
[1.453s] Level 1:colcon.colcon_core.environment:create_environment_scripts_only(realsense_tracking)
[1.453s] INFO:colcon.colcon_core.shell:Creating package script '/home/moon/ros2_ws/src/realsense_tracking/install/realsense_tracking/share/realsense_tracking/package.ps1'
[1.454s] INFO:colcon.colcon_core.shell:Creating package descriptor '/home/moon/ros2_ws/src/realsense_tracking/install/realsense_tracking/share/realsense_tracking/package.dsv'
[1.454s] INFO:colcon.colcon_core.shell:Creating package script '/home/moon/ros2_ws/src/realsense_tracking/install/realsense_tracking/share/realsense_tracking/package.sh'
[1.455s] INFO:colcon.colcon_core.shell:Creating package script '/home/moon/ros2_ws/src/realsense_tracking/install/realsense_tracking/share/realsense_tracking/package.bash'
[1.456s] INFO:colcon.colcon_core.shell:Creating package script '/home/moon/ros2_ws/src/realsense_tracking/install/realsense_tracking/share/realsense_tracking/package.zsh'
[1.456s] Level 1:colcon.colcon_core.environment:create_file_with_runtime_dependencies(/home/moon/ros2_ws/src/realsense_tracking/install/realsense_tracking/share/colcon-core/packages/realsense_tracking)
[1.457s] DEBUG:colcon.colcon_parallel_executor.executor.parallel:closing loop
[1.457s] DEBUG:colcon.colcon_parallel_executor.executor.parallel:loop closed
[1.457s] DEBUG:colcon.colcon_parallel_executor.executor.parallel:run_until_complete finished with '0'
[1.457s] DEBUG:colcon.colcon_core.event_reactor:joining thread
[1.462s] INFO:colcon.colcon_core.plugin_system:Skipping extension 'colcon_notification.desktop_notification.terminal_notifier': Not used on non-Darwin systems
[1.462s] INFO:colcon.colcon_core.plugin_system:Skipping extension 'colcon_notification.desktop_notification.win32': Not used on non-Windows systems
[1.462s] INFO:colcon.colcon_notification.desktop_notification:Sending desktop notification using 'notify2'
[1.473s] DEBUG:colcon.colcon_core.event_reactor:joined thread
[1.474s] INFO:colcon.colcon_core.shell:Creating prefix script '/home/moon/ros2_ws/src/realsense_tracking/install/local_setup.ps1'
[1.475s] INFO:colcon.colcon_core.shell:Creating prefix util module '/home/moon/ros2_ws/src/realsense_tracking/install/_local_setup_util_ps1.py'
[1.476s] INFO:colcon.colcon_core.shell:Creating prefix chain script '/home/moon/ros2_ws/src/realsense_tracking/install/setup.ps1'
[1.477s] INFO:colcon.colcon_core.shell:Creating prefix script '/home/moon/ros2_ws/src/realsense_tracking/install/local_setup.sh'
[1.478s] INFO:colcon.colcon_core.shell:Creating prefix util module '/home/moon/ros2_ws/src/realsense_tracking/install/_local_setup_util_sh.py'
[1.478s] INFO:colcon.colcon_core.shell:Creating prefix chain script '/home/moon/ros2_ws/src/realsense_tracking/install/setup.sh'
[1.479s] INFO:colcon.colcon_core.shell:Creating prefix script '/home/moon/ros2_ws/src/realsense_tracking/install/local_setup.bash'
[1.480s] INFO:colcon.colcon_core.shell:Creating prefix chain script '/home/moon/ros2_ws/src/realsense_tracking/install/setup.bash'
[1.481s] INFO:colcon.colcon_core.shell:Creating prefix script '/home/moon/ros2_ws/src/realsense_tracking/install/local_setup.zsh'
[1.481s] INFO:colcon.colcon_core.shell:Creating prefix chain script '/home/moon/ros2_ws/src/realsense_tracking/install/setup.zsh'
