/home/moon/ros2_ws/src/realsense_tracking/install/realsense_tracking/lib/python3.10/site-packages/realsense_tracking/__init__.py
/home/moon/ros2_ws/src/realsense_tracking/install/realsense_tracking/lib/python3.10/site-packages/realsense_tracking/realsense_pose_1.py
/home/moon/ros2_ws/src/realsense_tracking/install/realsense_tracking/lib/python3.10/site-packages/realsense_tracking/iAHRS_2.py
/home/moon/ros2_ws/src/realsense_tracking/install/realsense_tracking/lib/python3.10/site-packages/realsense_tracking/dynamixel_3.py
/home/moon/ros2_ws/src/realsense_tracking/install/realsense_tracking/lib/python3.10/site-packages/realsense_tracking/realtime_audio_pc_4.py
/home/moon/ros2_ws/src/realsense_tracking/install/realsense_tracking/lib/python3.10/site-packages/realsense_tracking/witmotion_imu_ros_5.py
/home/moon/ros2_ws/src/realsense_tracking/install/realsense_tracking/lib/python3.10/site-packages/realsense_tracking/device_model.py
/home/moon/ros2_ws/src/realsense_tracking/install/realsense_tracking/lib/python3.10/site-packages/realsense_tracking/__pycache__/__init__.cpython-310.pyc
/home/moon/ros2_ws/src/realsense_tracking/install/realsense_tracking/lib/python3.10/site-packages/realsense_tracking/__pycache__/realsense_pose_1.cpython-310.pyc
/home/moon/ros2_ws/src/realsense_tracking/install/realsense_tracking/lib/python3.10/site-packages/realsense_tracking/__pycache__/iAHRS_2.cpython-310.pyc
/home/moon/ros2_ws/src/realsense_tracking/install/realsense_tracking/lib/python3.10/site-packages/realsense_tracking/__pycache__/dynamixel_3.cpython-310.pyc
/home/moon/ros2_ws/src/realsense_tracking/install/realsense_tracking/lib/python3.10/site-packages/realsense_tracking/__pycache__/realtime_audio_pc_4.cpython-310.pyc
/home/moon/ros2_ws/src/realsense_tracking/install/realsense_tracking/lib/python3.10/site-packages/realsense_tracking/__pycache__/witmotion_imu_ros_5.cpython-310.pyc
/home/moon/ros2_ws/src/realsense_tracking/install/realsense_tracking/lib/python3.10/site-packages/realsense_tracking/__pycache__/device_model.cpython-310.pyc
/home/moon/ros2_ws/src/realsense_tracking/install/realsense_tracking/share/ament_index/resource_index/packages/realsense_tracking
/home/moon/ros2_ws/src/realsense_tracking/install/realsense_tracking/share/realsense_tracking/package.xml
/home/moon/ros2_ws/src/realsense_tracking/install/realsense_tracking/lib/python3.10/site-packages/realsense_tracking-0.0.0-py3.10.egg-info/dependency_links.txt
/home/moon/ros2_ws/src/realsense_tracking/install/realsense_tracking/lib/python3.10/site-packages/realsense_tracking-0.0.0-py3.10.egg-info/requires.txt
/home/moon/ros2_ws/src/realsense_tracking/install/realsense_tracking/lib/python3.10/site-packages/realsense_tracking-0.0.0-py3.10.egg-info/entry_points.txt
/home/moon/ros2_ws/src/realsense_tracking/install/realsense_tracking/lib/python3.10/site-packages/realsense_tracking-0.0.0-py3.10.egg-info/top_level.txt
/home/moon/ros2_ws/src/realsense_tracking/install/realsense_tracking/lib/python3.10/site-packages/realsense_tracking-0.0.0-py3.10.egg-info/PKG-INFO
/home/moon/ros2_ws/src/realsense_tracking/install/realsense_tracking/lib/python3.10/site-packages/realsense_tracking-0.0.0-py3.10.egg-info/SOURCES.txt
/home/moon/ros2_ws/src/realsense_tracking/install/realsense_tracking/lib/python3.10/site-packages/realsense_tracking-0.0.0-py3.10.egg-info/zip-safe
/home/moon/ros2_ws/src/realsense_tracking/install/realsense_tracking/lib/realsense_tracking/dynamixel_node
/home/moon/ros2_ws/src/realsense_tracking/install/realsense_tracking/lib/realsense_tracking/iAHRS_node
/home/moon/ros2_ws/src/realsense_tracking/install/realsense_tracking/lib/realsense_tracking/realsense_pose_node
/home/moon/ros2_ws/src/realsense_tracking/install/realsense_tracking/lib/realsense_tracking/realtime_audio_pc_node
/home/moon/ros2_ws/src/realsense_tracking/install/realsense_tracking/lib/realsense_tracking/witmotion_imu_node
